<?xml version="1.0" encoding="UTF-8"?>
<testng-results ignored="0" total="1" passed="1" failed="0" skipped="0">
  <reporter-output>
  </reporter-output>
  <suite started-at="2025-09-09T19:21:58 IST" name="Default suite" finished-at="2025-09-09T19:22:09 IST" duration-ms="11473">
    <groups>
    </groups>
    <test started-at="2025-09-09T19:21:58 IST" name="Default test" finished-at="2025-09-09T19:22:09 IST" duration-ms="11473">
      <class name="SeleniumPractice.Login">
        <test-method signature="invokeurl()[pri:0, instance:SeleniumPractice.Login@31368b99]" started-at="2025-09-09T19:21:58 IST" name="invokeurl" finished-at="2025-09-09T19:22:09 IST" duration-ms="11458" status="PASS">
          <reporter-output>
          </reporter-output>
        </test-method> <!-- invokeurl -->
      </class> <!-- SeleniumPractice.Login -->
    </test> <!-- Default test -->
  </suite> <!-- Default suite -->
</testng-results>
